
> clipsync@0.1.0 dev
> next dev

▲ Next.js 16.1.6 (Turbopack)
- Local:         http://localhost:3000
- Network:       http://192.168.86.24:3000
- Environments: .env.local

✓ Starting...
✓ Ready in 823ms
 GET /login 200 in 620ms (compile: 333ms, render: 287ms)
 GET /clipboard 200 in 628ms (compile: 260ms, render: 367ms)
 GET /clipboard 200 in 69ms (compile: 17ms, render: 52ms)
 GET /login 200 in 33ms (compile: 4ms, render: 29ms)
 GET /clipboard 200 in 30ms (compile: 3ms, render: 27ms)
 GET /saved 200 in 66ms (compile: 40ms, render: 26ms)
 GET /login 200 in 35ms (compile: 4ms, render: 32ms)
 GET /clipboard 200 in 65ms (compile: 7ms, render: 58ms)
 GET /saved 200 in 32ms (compile: 8ms, render: 24ms)
 GET /clipboard 200 in 28ms (compile: 6ms, render: 22ms)
 GET /saved 200 in 31ms (compile: 10ms, render: 22ms)
 GET /clipboard 200 in 33ms (compile: 7ms, render: 26ms)
 GET /saved 200 in 30ms (compile: 10ms, render: 21ms)
 GET /saved/08a400f7-7903-4727-8484-a7c4f7b08eda 200 in 1656ms (compile: 1560ms, render: 96ms)
 GET /saved/08a400f7-7903-4727-8484-a7c4f7b08eda 200 in 55ms (compile: 20ms, render: 35ms)
 GET /clipboard 200 in 43ms (compile: 7ms, render: 36ms)
 GET /auth/callback 200 in 218ms (compile: 120ms, render: 98ms)
 GET /login 200 in 51ms (compile: 3ms, render: 48ms)
 GET /login 200 in 29ms (compile: 5ms, render: 24ms)
 GET /clipboard 200 in 43ms (compile: 3ms, render: 40ms)
 GET /clipboard 200 in 27ms (compile: 6ms, render: 21ms)
 GET /login 200 in 75ms (compile: 9ms, render: 67ms)
 GET /login 200 in 32ms (compile: 5ms, render: 27ms)
 GET /login 200 in 124ms (compile: 4ms, render: 119ms)
 GET /login 200 in 23ms (compile: 11ms, render: 13ms)
 GET /login 200 in 14ms (compile: 5ms, render: 9ms)
 GET /login 200 in 18ms (compile: 5ms, render: 12ms)
 GET /auth/callback 200 in 63ms (compile: 6ms, render: 57ms)
 GET /login 200 in 49ms (compile: 5ms, render: 44ms)
 GET /login 200 in 27ms (compile: 4ms, render: 23ms)
 GET /clipboard 200 in 17ms (compile: 4ms, render: 13ms)
 GET /login 200 in 58ms (compile: 9ms, render: 49ms)
 GET /login 200 in 22ms (compile: 3ms, render: 18ms)
 GET /auth/callback 200 in 55ms (compile: 4ms, render: 51ms)
 GET /login 200 in 44ms (compile: 3ms, render: 41ms)
 GET /login 200 in 25ms (compile: 6ms, render: 19ms)
 GET /clipboard 200 in 22ms (compile: 5ms, render: 17ms)
 GET /saved 200 in 26ms (compile: 4ms, render: 22ms)
 GET /clipboard 200 in 19ms (compile: 5ms, render: 15ms)
 GET /saved 200 in 25ms (compile: 6ms, render: 19ms)
 GET /saved/08a400f7-7903-4727-8484-a7c4f7b08eda 200 in 47ms (compile: 18ms, render: 29ms)
 GET /clipboard 200 in 24ms (compile: 5ms, render: 19ms)
 GET /saved 200 in 30ms (compile: 9ms, render: 21ms)
 GET /clipboard 200 in 17ms (compile: 3ms, render: 14ms)
✓ Compiled in 387ms
 GET /clipboard 200 in 353ms (compile: 109ms, render: 244ms)
 GET /saved 200 in 34ms (compile: 10ms, render: 24ms)
 GET /saved/08a400f7-7903-4727-8484-a7c4f7b08eda 200 in 34ms (compile: 17ms, render: 16ms)
 GET /saved/08a400f7-7903-4727-8484-a7c4f7b08eda 200 in 92ms (compile: 12ms, render: 80ms)
 GET /saved 200 in 31ms (compile: 6ms, render: 25ms)
 GET /clipboard 200 in 46ms (compile: 15ms, render: 30ms)
 GET /saved 200 in 30ms (compile: 7ms, render: 22ms)
 GET /saved/08a400f7-7903-4727-8484-a7c4f7b08eda 200 in 33ms (compile: 12ms, render: 21ms)
 GET /login 200 in 50ms (compile: 7ms, render: 44ms)
 GET /login 200 in 29ms (compile: 4ms, render: 24ms)
 GET /auth/callback 200 in 62ms (compile: 4ms, render: 58ms)
 GET /login 200 in 48ms (compile: 5ms, render: 42ms)
 GET /login 200 in 24ms (compile: 4ms, render: 20ms)
 GET /login 200 in 40ms (compile: 6ms, render: 33ms)
 GET /login 200 in 21ms (compile: 4ms, render: 17ms)
 GET /auth/callback 200 in 92ms (compile: 3ms, render: 90ms)
 GET /login 200 in 43ms (compile: 2ms, render: 41ms)
 GET /login 200 in 23ms (compile: 5ms, render: 18ms)
 GET /login 200 in 20ms (compile: 6ms, render: 14ms)
 GET /auth/callback 200 in 80ms (compile: 11ms, render: 69ms)
 GET /login 200 in 44ms (compile: 4ms, render: 41ms)
 GET /login 200 in 22ms (compile: 4ms, render: 18ms)
 GET /clipboard 200 in 22ms (compile: 6ms, render: 16ms)
 GET /login 200 in 55ms (compile: 7ms, render: 48ms)
 GET /login 200 in 23ms (compile: 4ms, render: 19ms)
